{"C:\\Users\\HP\\Desktop\\capstone-module2\\modules\\fetchFishDetails.js": {"path":"C:\\Users\\HP\\Desktop\\capstone-module2\\modules\\fetchFishDetails.js","statementMap":{"0":{"start":{"line":1,"column":25},"end":{"line":5,"column":1}},"1":{"start":{"line":2,"column":19},"end":{"line":2,"column":48}},"2":{"start":{"line":3,"column":21},"end":{"line":3,"column":42}},"3":{"start":{"line":4,"column":2},"end":{"line":4,"column":20}}},"fnMap":{"0":{"name":"(anonymous_0)","decl":{"start":{"line":1,"column":25},"end":{"line":1,"column":26}},"loc":{"start":{"line":1,"column":46},"end":{"line":5,"column":1}},"line":1}},"branchMap":{},"s":{"0":1,"1":0,"2":0,"3":0},"f":{"0":0},"b":{},"_coverageSchema":"1a1c01bbd47fc00a2c39e90264f33305004495a9","hash":"c6761af433fd1cf2a550bc433c8c8a2f1432cb55"}
,"C:\\Users\\HP\\Desktop\\capstone-module2\\modules\\generateMarkup.js": {"path":"C:\\Users\\HP\\Desktop\\capstone-module2\\modules\\generateMarkup.js","statementMap":{"0":{"start":{"line":5,"column":14},"end":{"line":5,"column":36}},"1":{"start":{"line":6,"column":22},"end":{"line":6,"column":61}},"2":{"start":{"line":7,"column":23},"end":{"line":133,"column":1}},"3":{"start":{"line":8,"column":26},"end":{"line":8,"column":69}},"4":{"start":{"line":9,"column":2},"end":{"line":130,"column":5}},"5":{"start":{"line":10,"column":17},"end":{"line":10,"column":37}},"6":{"start":{"line":11,"column":17},"end":{"line":16,"column":6}},"7":{"start":{"line":12,"column":6},"end":{"line":14,"column":7}},"8":{"start":{"line":13,"column":8},"end":{"line":13,"column":26}},"9":{"start":{"line":15,"column":6},"end":{"line":15,"column":15}},"10":{"start":{"line":18,"column":26},"end":{"line":18,"column":55}},"11":{"start":{"line":19,"column":4},"end":{"line":19,"column":47}},"12":{"start":{"line":21,"column":20},"end":{"line":21,"column":49}},"13":{"start":{"line":22,"column":25},"end":{"line":22,"column":54}},"14":{"start":{"line":23,"column":4},"end":{"line":23,"column":45}},"15":{"start":{"line":24,"column":4},"end":{"line":24,"column":35}},"16":{"start":{"line":26,"column":4},"end":{"line":26,"column":23}},"17":{"start":{"line":27,"column":22},"end":{"line":27,"column":43}},"18":{"start":{"line":28,"column":4},"end":{"line":32,"column":5}},"19":{"start":{"line":29,"column":6},"end":{"line":31,"column":36}},"20":{"start":{"line":34,"column":26},"end":{"line":34,"column":55}},"21":{"start":{"line":35,"column":4},"end":{"line":35,"column":47}},"22":{"start":{"line":36,"column":21},"end":{"line":36,"column":49}},"23":{"start":{"line":37,"column":4},"end":{"line":37,"column":37}},"24":{"start":{"line":38,"column":4},"end":{"line":38,"column":30}},"25":{"start":{"line":40,"column":26},"end":{"line":40,"column":55}},"26":{"start":{"line":41,"column":4},"end":{"line":41,"column":47}},"27":{"start":{"line":42,"column":21},"end":{"line":42,"column":51}},"28":{"start":{"line":43,"column":4},"end":{"line":43,"column":53}},"29":{"start":{"line":44,"column":4},"end":{"line":44,"column":36}},"30":{"start":{"line":45,"column":21},"end":{"line":45,"column":56}},"31":{"start":{"line":46,"column":22},"end":{"line":46,"column":50}},"32":{"start":{"line":47,"column":4},"end":{"line":51,"column":7}},"33":{"start":{"line":48,"column":6},"end":{"line":48,"column":30}},"34":{"start":{"line":49,"column":6},"end":{"line":49,"column":22}},"35":{"start":{"line":50,"column":6},"end":{"line":50,"column":50}},"36":{"start":{"line":53,"column":4},"end":{"line":53,"column":39}},"37":{"start":{"line":54,"column":4},"end":{"line":54,"column":48}},"38":{"start":{"line":56,"column":25},"end":{"line":56,"column":54}},"39":{"start":{"line":57,"column":4},"end":{"line":57,"column":45}},"40":{"start":{"line":58,"column":23},"end":{"line":58,"column":55}},"41":{"start":{"line":59,"column":25},"end":{"line":59,"column":73}},"42":{"start":{"line":61,"column":4},"end":{"line":61,"column":41}},"43":{"start":{"line":62,"column":4},"end":{"line":62,"column":37}},"44":{"start":{"line":63,"column":4},"end":{"line":112,"column":7}},"45":{"start":{"line":64,"column":26},"end":{"line":67,"column":7}},"46":{"start":{"line":68,"column":24},"end":{"line":68,"column":55}},"47":{"start":{"line":70,"column":21},"end":{"line":70,"column":23}},"48":{"start":{"line":71,"column":6},"end":{"line":75,"column":7}},"49":{"start":{"line":72,"column":8},"end":{"line":74,"column":48}},"50":{"start":{"line":77,"column":6},"end":{"line":77,"column":43}},"51":{"start":{"line":78,"column":6},"end":{"line":107,"column":12}},"52":{"start":{"line":108,"column":25},"end":{"line":108,"column":63}},"53":{"start":{"line":109,"column":6},"end":{"line":111,"column":9}},"54":{"start":{"line":110,"column":8},"end":{"line":110,"column":48}},"55":{"start":{"line":114,"column":23},"end":{"line":114,"column":55}},"56":{"start":{"line":115,"column":4},"end":{"line":115,"column":41}},"57":{"start":{"line":116,"column":4},"end":{"line":116,"column":41}},"58":{"start":{"line":118,"column":4},"end":{"line":118,"column":40}},"59":{"start":{"line":119,"column":4},"end":{"line":119,"column":45}},"60":{"start":{"line":120,"column":4},"end":{"line":120,"column":40}},"61":{"start":{"line":121,"column":4},"end":{"line":121,"column":41}},"62":{"start":{"line":122,"column":4},"end":{"line":122,"column":38}},"63":{"start":{"line":123,"column":4},"end":{"line":123,"column":44}},"64":{"start":{"line":124,"column":4},"end":{"line":124,"column":45}},"65":{"start":{"line":125,"column":4},"end":{"line":125,"column":41}},"66":{"start":{"line":126,"column":4},"end":{"line":126,"column":41}},"67":{"start":{"line":127,"column":4},"end":{"line":127,"column":44}},"68":{"start":{"line":129,"column":4},"end":{"line":129,"column":47}},"69":{"start":{"line":131,"column":2},"end":{"line":131,"column":30}},"70":{"start":{"line":132,"column":2},"end":{"line":132,"column":43}}},"fnMap":{"0":{"name":"(anonymous_0)","decl":{"start":{"line":7,"column":23},"end":{"line":7,"column":24}},"loc":{"start":{"line":7,"column":55},"end":{"line":133,"column":1}},"line":7},"1":{"name":"(anonymous_1)","decl":{"start":{"line":9,"column":17},"end":{"line":9,"column":18}},"loc":{"start":{"line":9,"column":27},"end":{"line":130,"column":3}},"line":9},"2":{"name":"(anonymous_2)","decl":{"start":{"line":11,"column":30},"end":{"line":11,"column":31}},"loc":{"start":{"line":11,"column":40},"end":{"line":16,"column":5}},"line":11},"3":{"name":"(anonymous_3)","decl":{"start":{"line":47,"column":39},"end":{"line":47,"column":40}},"loc":{"start":{"line":47,"column":45},"end":{"line":51,"column":5}},"line":47},"4":{"name":"(anonymous_4)","decl":{"start":{"line":63,"column":41},"end":{"line":63,"column":42}},"loc":{"start":{"line":63,"column":53},"end":{"line":112,"column":5}},"line":63},"5":{"name":"(anonymous_5)","decl":{"start":{"line":109,"column":43},"end":{"line":109,"column":44}},"loc":{"start":{"line":109,"column":49},"end":{"line":111,"column":7}},"line":109}},"branchMap":{"0":{"loc":{"start":{"line":12,"column":6},"end":{"line":14,"column":7}},"type":"if","locations":[{"start":{"line":12,"column":6},"end":{"line":14,"column":7}},{"start":{},"end":{}}],"line":12},"1":{"loc":{"start":{"line":28,"column":4},"end":{"line":32,"column":5}},"type":"if","locations":[{"start":{"line":28,"column":4},"end":{"line":32,"column":5}},{"start":{},"end":{}}],"line":28},"2":{"loc":{"start":{"line":29,"column":20},"end":{"line":31,"column":35}},"type":"cond-expr","locations":[{"start":{"line":30,"column":10},"end":{"line":30,"column":39}},{"start":{"line":31,"column":10},"end":{"line":31,"column":35}}],"line":29},"3":{"loc":{"start":{"line":45,"column":21},"end":{"line":45,"column":56}},"type":"cond-expr","locations":[{"start":{"line":45,"column":39},"end":{"line":45,"column":40}},{"start":{"line":45,"column":43},"end":{"line":45,"column":56}}],"line":45},"4":{"loc":{"start":{"line":71,"column":6},"end":{"line":75,"column":7}},"type":"if","locations":[{"start":{"line":71,"column":6},"end":{"line":75,"column":7}},{"start":{},"end":{}}],"line":71},"5":{"loc":{"start":{"line":72,"column":19},"end":{"line":74,"column":47}},"type":"cond-expr","locations":[{"start":{"line":73,"column":12},"end":{"line":73,"column":51}},{"start":{"line":74,"column":12},"end":{"line":74,"column":47}}],"line":72}},"s":{"0":1,"1":1,"2":1,"3":1,"4":1,"5":6,"6":6,"7":0,"8":0,"9":0,"10":6,"11":6,"12":6,"13":6,"14":6,"15":6,"16":6,"17":6,"18":6,"19":6,"20":6,"21":6,"22":6,"23":6,"24":6,"25":6,"26":6,"27":6,"28":6,"29":6,"30":6,"31":6,"32":6,"33":0,"34":0,"35":0,"36":6,"37":6,"38":6,"39":6,"40":6,"41":6,"42":6,"43":6,"44":6,"45":0,"46":0,"47":0,"48":0,"49":0,"50":0,"51":0,"52":0,"53":0,"54":0,"55":6,"56":6,"57":6,"58":6,"59":6,"60":6,"61":6,"62":6,"63":6,"64":6,"65":6,"66":6,"67":6,"68":6,"69":1,"70":1},"f":{"0":1,"1":6,"2":0,"3":0,"4":0,"5":0},"b":{"0":[0,0],"1":[6,0],"2":[6,0],"3":[6,0],"4":[0,0],"5":[0,0]},"_coverageSchema":"1a1c01bbd47fc00a2c39e90264f33305004495a9","hash":"f21a4eeb678b974b6f501b4c2b4a890699847104"}
,"C:\\Users\\HP\\Desktop\\capstone-module2\\modules\\handleLike.js": {"path":"C:\\Users\\HP\\Desktop\\capstone-module2\\modules\\handleLike.js","statementMap":{"0":{"start":{"line":1,"column":19},"end":{"line":21,"column":1}},"1":{"start":{"line":2,"column":19},"end":{"line":2,"column":107}},"2":{"start":{"line":4,"column":15},"end":{"line":6,"column":3}},"3":{"start":{"line":8,"column":2},"end":{"line":20,"column":3}},"4":{"start":{"line":9,"column":21},"end":{"line":15,"column":6}},"5":{"start":{"line":16,"column":18},"end":{"line":16,"column":39}},"6":{"start":{"line":17,"column":4},"end":{"line":17,"column":17}},"7":{"start":{"line":19,"column":4},"end":{"line":19,"column":17}}},"fnMap":{"0":{"name":"(anonymous_0)","decl":{"start":{"line":1,"column":19},"end":{"line":1,"column":20}},"loc":{"start":{"line":1,"column":42},"end":{"line":21,"column":1}},"line":1}},"branchMap":{},"s":{"0":1,"1":0,"2":0,"3":0,"4":0,"5":0,"6":0,"7":0},"f":{"0":0},"b":{},"_coverageSchema":"1a1c01bbd47fc00a2c39e90264f33305004495a9","hash":"db80a35419f7441babe444337685b431e34a0794"}
,"C:\\Users\\HP\\Desktop\\capstone-module2\\modules\\itemCount.js": {"path":"C:\\Users\\HP\\Desktop\\capstone-module2\\modules\\itemCount.js","statementMap":{"0":{"start":{"line":1,"column":19},"end":{"line":6,"column":1}},"1":{"start":{"line":2,"column":20},"end":{"line":2,"column":57}},"2":{"start":{"line":3,"column":16},"end":{"line":3,"column":44}},"3":{"start":{"line":4,"column":2},"end":{"line":4,"column":44}},"4":{"start":{"line":5,"column":2},"end":{"line":5,"column":15}}},"fnMap":{"0":{"name":"(anonymous_0)","decl":{"start":{"line":1,"column":19},"end":{"line":1,"column":20}},"loc":{"start":{"line":1,"column":32},"end":{"line":6,"column":1}},"line":1}},"branchMap":{},"s":{"0":1,"1":3,"2":3,"3":3,"4":3},"f":{"0":3},"b":{},"_coverageSchema":"1a1c01bbd47fc00a2c39e90264f33305004495a9","hash":"0007d1a4207ed8c074055bd9ae210299d0e3b93e"}
}
